<?xml version="1.0" encoding="UTF-8"?>
<!-- Generated by org.testng.reporters.JUnitXMLReporter -->
<testsuite hostname="SamsonEdward" ignored="0" name="ParametersThroughXML" tests="4" failures="0" timestamp="02 Aug 2020 16:12:38 GMT" time="0.067" errors="0">
  <testcase name="testMethod" time="0.007" classname="ParameterizationTestNG.ParametersThroughXML"/>
  <testcase name="testMethod" time="0.006" classname="ParameterizationTestNG.ParametersExampleAtClonstructor"/>
  <testcase name="testMethod1" time="0.001" classname="ParameterizationTestNG.ParametersAtMethodLevel"/>
  <testcase name="testMethod2" time="0.003" classname="ParameterizationTestNG.ParametersAtMethodLevel"/>
</testsuite> <!-- ParametersThroughXML -->
