<?xml version="1.0" encoding="UTF-8"?>
<!-- Generated by org.testng.reporters.JUnitXMLReporter -->
<testsuite hostname="IN-L-7324413" ignored="0" name="Test" tests="3" failures="0" timestamp="2021-03-26T12:49:57 IST" time="32.721" errors="0">
  <testcase name="Mergelead" time="17.414" classname="Testleaf.leaftaps.MergeLead"/>
  <testcase name="DuplicateLead" time="25.968" classname="Testleaf.leaftaps.FindLead"/>
  <testcase name="CreateLead" time="32.691" classname="Testleaf.leaftaps.CreateLead"/>
</testsuite> <!-- Test -->
