<?xml version="1.0" encoding="UTF-8"?>
<testng-results skipped="0" failed="0" ignored="0" total="1" passed="1">
  <reporter-output>
  </reporter-output>
  <suite name="Default suite" duration-ms="30140" started-at="2021-05-08T19:30:47 IST" finished-at="2021-05-08T19:31:17 IST">
    <groups>
    </groups>
    <test name="Default test" duration-ms="30140" started-at="2021-05-08T19:30:47 IST" finished-at="2021-05-08T19:31:17 IST">
      <class name="Testleaf.leaftaps.CreateLead">
        <test-method status="PASS" signature="CreateLead()[pri:0, instance:Testleaf.leaftaps.CreateLead@4690b489]" name="CreateLead" duration-ms="29926" started-at="2021-05-08T19:30:47 IST" finished-at="2021-05-08T19:31:17 IST">
          <reporter-output>
          </reporter-output>
        </test-method> <!-- CreateLead -->
      </class> <!-- Testleaf.leaftaps.CreateLead -->
    </test> <!-- Default test -->
  </suite> <!-- Default suite -->
</testng-results>
