<?xml version="1.0" encoding="UTF-8"?>
<testng-results skipped="0" failed="0" ignored="0" total="1" passed="1">
  <reporter-output>
  </reporter-output>
  <suite name="Default suite" duration-ms="17929" started-at="2021-05-24T04:29:00 IST" finished-at="2021-05-24T04:29:18 IST">
    <groups>
    </groups>
    <test name="Default test" duration-ms="17929" started-at="2021-05-24T04:29:00 IST" finished-at="2021-05-24T04:29:18 IST">
      <class name="Testleaf.TestAutomation.DuplicateLead">
        <test-method status="PASS" signature="DuplicateLead()[pri:0, instance:Testleaf.TestAutomation.DuplicateLead@3eb7fc54]" name="DuplicateLead" duration-ms="17635" started-at="2021-05-24T04:29:00 IST" finished-at="2021-05-24T04:29:18 IST">
          <reporter-output>
          </reporter-output>
        </test-method> <!-- DuplicateLead -->
      </class> <!-- Testleaf.TestAutomation.DuplicateLead -->
    </test> <!-- Default test -->
  </suite> <!-- Default suite -->
</testng-results>
